c:\users\norman\desktop\cst\cst year 4 sem 2\practicum\practicum\practicum\debug\practicum.pch
c:\users\norman\desktop\cst\cst year 4 sem 2\practicum\practicum\practicum\debug\vc140.pdb
c:\users\norman\desktop\cst\cst year 4 sem 2\practicum\practicum\practicum\debug\vc140.idb
c:\users\norman\desktop\cst\cst year 4 sem 2\practicum\practicum\practicum\debug\vector.obj
c:\users\norman\desktop\cst\cst year 4 sem 2\practicum\practicum\practicum\debug\unit.obj
c:\users\norman\desktop\cst\cst year 4 sem 2\practicum\practicum\practicum\debug\tile.obj
c:\users\norman\desktop\cst\cst year 4 sem 2\practicum\practicum\practicum\debug\stdafx.obj
c:\users\norman\desktop\cst\cst year 4 sem 2\practicum\practicum\practicum\debug\shader.obj
c:\users\norman\desktop\cst\cst year 4 sem 2\practicum\practicum\practicum\debug\player.obj
c:\users\norman\desktop\cst\cst year 4 sem 2\practicum\practicum\practicum\debug\menusystem.obj
c:\users\norman\desktop\cst\cst year 4 sem 2\practicum\practicum\practicum\debug\matrix.obj
c:\users\norman\desktop\cst\cst year 4 sem 2\practicum\practicum\practicum\debug\map.obj
c:\users\norman\desktop\cst\cst year 4 sem 2\practicum\practicum\practicum\debug\main.obj
c:\users\norman\desktop\cst\cst year 4 sem 2\practicum\practicum\practicum\debug\logger.obj
c:\users\norman\desktop\cst\cst year 4 sem 2\practicum\practicum\practicum\debug\inputmanager.obj
c:\users\norman\desktop\cst\cst year 4 sem 2\practicum\practicum\practicum\debug\hud.obj
c:\users\norman\desktop\cst\cst year 4 sem 2\practicum\practicum\practicum\debug\gamesystem.obj
c:\users\norman\desktop\cst\cst year 4 sem 2\practicum\practicum\practicum\debug\gamecontroller.obj
c:\users\norman\desktop\cst\cst year 4 sem 2\practicum\practicum\practicum\debug\camera.obj
c:\users\norman\desktop\cst\cst year 4 sem 2\practicum\practicum\practicum\debug\assetpool.obj
c:\users\norman\desktop\cst\cst year 4 sem 2\practicum\practicum\practicum\debug\aimanager.obj
c:\users\norman\desktop\cst\cst year 4 sem 2\practicum\practicum\practicum\debug\ai.obj
c:\users\norman\desktop\cst\cst year 4 sem 2\practicum\practicum\debug\practicum.exe
c:\users\norman\desktop\cst\cst year 4 sem 2\practicum\practicum\debug\practicum.pdb
c:\users\norman\desktop\cst\cst year 4 sem 2\practicum\practicum\practicum\debug\practicum.tlog\cl.command.1.tlog
c:\users\norman\desktop\cst\cst year 4 sem 2\practicum\practicum\practicum\debug\practicum.tlog\cl.read.1.tlog
c:\users\norman\desktop\cst\cst year 4 sem 2\practicum\practicum\practicum\debug\practicum.tlog\cl.write.1.tlog
c:\users\norman\desktop\cst\cst year 4 sem 2\practicum\practicum\practicum\debug\practicum.tlog\link.command.1.tlog
c:\users\norman\desktop\cst\cst year 4 sem 2\practicum\practicum\practicum\debug\practicum.tlog\link.read.1.tlog
c:\users\norman\desktop\cst\cst year 4 sem 2\practicum\practicum\practicum\debug\practicum.tlog\link.write.1.tlog
