Build started 2016-02-24 12:43:27 PM.
     1>Project "C:\Users\Norman\Google Drive\BTech\Practicum\Practicum\Practicum.vcxproj" on node 2 (Build target(s)).
     1>ClCompile:
         C:\Program Files (x86)\Microsoft Visual Studio 14.0\VC\bin\CL.exe /c /IC:\Users\Norman\Desktop\boost_1_54_0\boost_1_54_0 /ZI /nologo /W3 /WX- /Od /Oy- /D WIN32 /D _DEBUG /D _CONSOLE /D _UNICODE /D UNICODE /Gm /EHsc /RTC1 /MDd /GS /fp:precise /Zc:wchar_t /Zc:forScope /Zc:inline /Yc"stdafx.h" /Fp"Debug\Practicum.pch" /Fo"Debug\\" /Fd"Debug\vc140.pdb" /Gd /TP /analyze- /errorReport:prompt GameSystem.cpp
         GameSystem.cpp
       Link:
         C:\Program Files (x86)\Microsoft Visual Studio 14.0\VC\bin\link.exe /ERRORREPORT:PROMPT /OUT:"C:\Users\Norman\Google Drive\BTech\Practicum\Debug\Practicum.exe" /INCREMENTAL /NOLOGO /LIBPATH:C:\Users\Norman\Desktop\boost_1_54_0\boost_1_54_0\libs kernel32.lib user32.lib gdi32.lib winspool.lib comdlg32.lib advapi32.lib shell32.lib ole32.lib oleaut32.lib uuid.lib odbc32.lib odbccp32.lib /MANIFEST /MANIFESTUAC:"level='asInvoker' uiAccess='false'" /manifest:embed /Debug /PDB:"C:\Users\Norman\Google Drive\BTech\Practicum\Debug\Practicum.pdb" /SUBSYSTEM:CONSOLE /TLBID:1 /DYNAMICBASE /NXCOMPAT /IMPLIB:"C:\Users\Norman\Google Drive\BTech\Practicum\Debug\Practicum.lib" /MACHINE:X86 Debug\AI.obj
         Debug\AIManager.obj
         Debug\AssetPool.obj
         Debug\Camera.obj
         Debug\GameController.obj
         Debug\GameSystem.obj
         Debug\HUD.obj
         Debug\InputManager.obj
         Debug\Logger.obj
         Debug\main.obj
         Debug\Map.obj
         Debug\Matrix.obj
         Debug\Menu.obj
         Debug\MenuSystem.obj
         Debug\Player.obj
         Debug\Shader.obj
         Debug\StdAfx.obj
         Debug\Tile.obj
         Debug\Unit.obj
         Debug\Vector.obj
         SOIL.lib(SOIL.obj) : MSIL .netmodule or module compiled with /GL found; restarting link with /LTCG; add /LTCG to the link command line to improve linker performance
     1>LINK : warning LNK4075: ignoring '/INCREMENTAL' due to '/LTCG' specification
     1>AI.obj : warning LNK4075: ignoring '/EDITANDCONTINUE' due to '/OPT:LBR' specification
     1>LINK : warning LNK4098: defaultlib 'MSVCRT' conflicts with use of other libs; use /NODEFAULTLIB:library
         Generating code
         Finished generating code
     1>SOIL.lib(SOIL.obj) : warning LNK4020: a type record in 'c:\users\norman\desktop\opengl\simple opengl image library\projects\vc9\release\vc100.pdb' is corrupted; some symbols and types may not be accessible from the debugger
     1>SOIL.lib(stb_image_aug.obj) : warning LNK4020: a type record in 'c:\users\norman\desktop\opengl\simple opengl image library\projects\vc9\release\vc100.pdb' is corrupted; some symbols and types may not be accessible from the debugger
     1>SOIL.lib(image_helper.obj) : warning LNK4020: a type record in 'c:\users\norman\desktop\opengl\simple opengl image library\projects\vc9\release\vc100.pdb' is corrupted; some symbols and types may not be accessible from the debugger
     1>SOIL.lib(image_DXT.obj) : warning LNK4020: a type record in 'c:\users\norman\desktop\opengl\simple opengl image library\projects\vc9\release\vc100.pdb' is corrupted; some symbols and types may not be accessible from the debugger
         Practicum.vcxproj -> C:\Users\Norman\Google Drive\BTech\Practicum\Debug\Practicum.exe
     1>Done Building Project "C:\Users\Norman\Google Drive\BTech\Practicum\Practicum\Practicum.vcxproj" (Build target(s)).

Build succeeded.

Time Elapsed 00:00:01.47
