Build started 2016-02-24 12:44:37 PM.
     1>Project "C:\Users\Norman\Google Drive\BTech\Practicum\Practicum\Practicum.vcxproj" on node 2 (Build target(s)).
     1>ClCompile:
         C:\Program Files (x86)\Microsoft Visual Studio 14.0\VC\bin\CL.exe /c /Zi /nologo /W3 /WX- /O2 /Oi /Oy- /D WIN32 /D NDEBUG /D _CONSOLE /D _UNICODE /D UNICODE /Gm- /EHsc /MD /GS /Gy /fp:precise /Zc:wchar_t /Zc:forScope /Zc:inline /Yc"stdafx.h" /Fp"Release\Practicum.pch" /Fo"Release\\" /Fd"Release\vc140.pdb" /Gd /TP /analyze- /errorReport:prompt AI.cpp AIManager.cpp Camera.cpp GameController.cpp GameSystem.cpp HUD.cpp Map.cpp Menu.cpp MenuSystem.cpp Player.cpp Unit.cpp main.cpp
         AI.cpp
         AIManager.cpp
         Camera.cpp
         GameController.cpp
         GameSystem.cpp
         HUD.cpp
         Map.cpp
     1>c:\users\norman\google drive\btech\practicum\practicum\map.cpp(905): warning C4172: returning address of local variable or temporary
     1>c:\users\norman\google drive\btech\practicum\practicum\map.cpp(882): warning C4172: returning address of local variable or temporary
     1>c:\users\norman\google drive\btech\practicum\practicum\map.cpp(896): warning C4172: returning address of local variable or temporary
         Menu.cpp
         MenuSystem.cpp
     1>MenuSystem.cpp(18): warning C4018: '>=': signed/unsigned mismatch
         Player.cpp
         Unit.cpp
     1>Unit.cpp(208): warning C4996: 'fopen': This function or variable may be unsafe. Consider using fopen_s instead. To disable deprecation, use _CRT_SECURE_NO_WARNINGS. See online help for details.
         C:\Program Files (x86)\Windows Kits\10\Include\10.0.10150.0\ucrt\stdio.h(205): note: see declaration of 'fopen'
     1>c:\users\norman\google drive\btech\practicum\practicum\unit.cpp(343): warning C4715: 'Unit::setNewData': not all control paths return a value
         main.cpp
       Link:
         C:\Program Files (x86)\Microsoft Visual Studio 14.0\VC\bin\link.exe /ERRORREPORT:PROMPT /OUT:"C:\Users\Norman\Google Drive\BTech\Practicum\Release\Practicum.exe" /INCREMENTAL:NO /NOLOGO kernel32.lib user32.lib gdi32.lib winspool.lib comdlg32.lib advapi32.lib shell32.lib ole32.lib oleaut32.lib uuid.lib odbc32.lib odbccp32.lib /MANIFEST /MANIFESTUAC:"level='asInvoker' uiAccess='false'" /manifest:embed /Debug /PDB:"C:\Users\Norman\Google Drive\BTech\Practicum\Release\Practicum.pdb" /SUBSYSTEM:CONSOLE /OPT:REF /OPT:ICF /LTCG:incremental /TLBID:1 /DYNAMICBASE /NXCOMPAT /IMPLIB:"C:\Users\Norman\Google Drive\BTech\Practicum\Release\Practicum.lib" /MACHINE:X86 /SAFESEH Release\AI.obj
         Release\AIManager.obj
         Release\AssetPool.obj
         Release\Camera.obj
         Release\GameController.obj
         Release\GameSystem.obj
         Release\HUD.obj
         Release\InputManager.obj
         Release\Logger.obj
         Release\main.obj
         Release\Map.obj
         Release\Matrix.obj
         Release\Menu.obj
         Release\MenuSystem.obj
         Release\Player.obj
         Release\Shader.obj
         Release\StdAfx.obj
         Release\Tile.obj
         Release\Unit.obj
         Release\Vector.obj
         Generating code
         0 of 102 functions ( 0.0%) were compiled, the rest were copied from previous compilation.
           0 functions were new in current compilation
           0 functions had inline decision re-evaluated but remain unchanged
         Finished generating code
     1>SOIL.lib(stb_image_aug.obj) : warning LNK4020: a type record in 'c:\users\norman\desktop\opengl\simple opengl image library\projects\vc9\release\vc100.pdb' is corrupted; some symbols and types may not be accessible from the debugger
     1>SOIL.lib(image_helper.obj) : warning LNK4020: a type record in 'c:\users\norman\desktop\opengl\simple opengl image library\projects\vc9\release\vc100.pdb' is corrupted; some symbols and types may not be accessible from the debugger
     1>SOIL.lib(image_DXT.obj) : warning LNK4020: a type record in 'c:\users\norman\desktop\opengl\simple opengl image library\projects\vc9\release\vc100.pdb' is corrupted; some symbols and types may not be accessible from the debugger
         Practicum.vcxproj -> C:\Users\Norman\Google Drive\BTech\Practicum\Release\Practicum.exe
     1>Done Building Project "C:\Users\Norman\Google Drive\BTech\Practicum\Practicum\Practicum.vcxproj" (Build target(s)).

Build succeeded.

Time Elapsed 00:00:08.32
